<?xml version="1.0" encoding="UTF-8"?>
<!-- Generated by org.testng.reporters.JUnitXMLReporter -->
<testsuite ignored="2" hostname="DESKTOP-HMSSTKG" failures="0" tests="3" name="Test" time="0.072" errors="0" timestamp="2022-07-07T14:51:33 IST">
  <testcase classname="com.crm.comcast.genericutitlity.BaseClass" name="@BeforeClass configBC" time="-1.657185693052E9">
    <failure type="org.testng.TestNGException" message="
Parameter &amp;apos;BROWSER&amp;apos; is required by BeforeClass on method configBC but has not been marked @Optional or defined
in C:\Users\asus\eclipse-workspace\com.css.tys.SDET\testngBatchExicution.xml">
      <![CDATA[org.testng.TestNGException: 
Parameter 'BROWSER' is required by BeforeClass on method configBC but has not been marked @Optional or defined
in C:\Users\asus\eclipse-workspace\com.css.tys.SDET\testngBatchExicution.xml
at java.base/java.util.ArrayList.forEach(ArrayList.java:1511)
... Removed 22 stack frames]]>
    </failure>
  </testcase> <!-- @BeforeClass configBC -->
  <testcase classname="com.crm.comcast.genericutitlity.BaseClass" name="@BeforeMethod configBM" time="-1.657185693069E9">
    <skipped/>
  </testcase> <!-- @BeforeMethod configBM -->
  <testcase classname="com.crm.comcast.genericutitlity.BaseClass" name="@AfterMethod configAM" time="-1.657185693075E9">
    <skipped/>
  </testcase> <!-- @AfterMethod configAM -->
  <testcase classname="com.crm.comcast.genericutitlity.BaseClass" name="@AfterClass configAC" time="-1.657185693081E9">
    <skipped/>
  </testcase> <!-- @AfterClass configAC -->
  <testcase classname="com.crm.comcast.genericutitlity.BaseClass" name="@BeforeClass configBC" time="-1.657185693086E9">
    <failure type="org.testng.TestNGException" message="
Parameter &amp;apos;BROWSER&amp;apos; is required by BeforeClass on method configBC but has not been marked @Optional or defined
in C:\Users\asus\eclipse-workspace\com.css.tys.SDET\testngBatchExicution.xml">
      <![CDATA[org.testng.TestNGException: 
Parameter 'BROWSER' is required by BeforeClass on method configBC but has not been marked @Optional or defined
in C:\Users\asus\eclipse-workspace\com.css.tys.SDET\testngBatchExicution.xml
at java.base/java.util.ArrayList.forEach(ArrayList.java:1511)
... Removed 22 stack frames]]>
    </failure>
  </testcase> <!-- @BeforeClass configBC -->
  <testcase classname="com.crm.comcast.genericutitlity.BaseClass" name="@BeforeMethod configBM" time="-1.657185693088E9">
    <skipped/>
  </testcase> <!-- @BeforeMethod configBM -->
  <testcase classname="com.crm.comcast.genericutitlity.BaseClass" name="@AfterMethod configAM" time="-1.657185693095E9">
    <skipped/>
  </testcase> <!-- @AfterMethod configAM -->
  <testcase classname="com.crm.comcast.genericutitlity.BaseClass" name="@BeforeMethod configBM" time="-1.657185693099E9">
    <skipped/>
  </testcase> <!-- @BeforeMethod configBM -->
  <testcase classname="com.crm.comcast.genericutitlity.BaseClass" name="@AfterMethod configAM" time="-1.657185693104E9">
    <skipped/>
  </testcase> <!-- @AfterMethod configAM -->
  <testcase classname="com.crm.comcast.genericutitlity.BaseClass" name="@AfterClass configAC" time="-1.657185693107E9">
    <skipped/>
  </testcase> <!-- @AfterClass configAC -->
  <testcase classname="com.crm.comcast.contactTest.createContact" name="craetecontact" time="0.0">
    <skipped/>
  </testcase> <!-- craetecontact -->
  <testcase classname="com.crm.comcast.contactTest.CreateContactAndDeleteTest" name="CreateandDeleteContact" time="0.0">
    <skipped/>
  </testcase> <!-- CreateandDeleteContact -->
  <testcase classname="com.crm.comcast.contactTest.CreateContactAndDeleteTest" name="deleteContact" time="0.0">
    <skipped/>
  </testcase> <!-- deleteContact -->
  <testcase classname="com.crm.comcast.genericutitlity.BaseClass" name="@BeforeSuite configBS" time="0.0">
    <ignored/>
  </testcase> <!-- @BeforeSuite configBS -->
  <testcase classname="com.crm.comcast.genericutitlity.BaseClass" name="@AfterSuite configAS" time="0.0">
    <ignored/>
  </testcase> <!-- @AfterSuite configAS -->
</testsuite> <!-- Test -->
