<?xml version="1.0" encoding="UTF-8"?>
<testng-results ignored="12" total="15" passed="1" failed="2" skipped="0">
  <reporter-output>
  </reporter-output>
  <suite started-at="2022-07-19T22:22:53 IST" name="Suite" finished-at="2022-07-19T22:23:53 IST" duration-ms="60852">
    <groups>
      <group name="regressionTest">
        <method signature="CraeteCampaign.CreateCampaigns()[pri:0, instance:com.crm.comcast.campaignTest.CraeteCampaign@74751b3]" name="CreateCampaigns" class="com.crm.comcast.campaignTest.CraeteCampaign"/>
        <method signature="CreateCampiagnWithProductPomClassTest.CreateCampaignwithProduct()[pri:0, instance:com.crm.comcast.campaignTest.CreateCampiagnWithProductPomClassTest@58d75e99]" name="CreateCampaignwithProduct" class="com.crm.comcast.campaignTest.CreateCampiagnWithProductPomClassTest"/>
        <method signature="CreateContactAndDeleteTest.deleteContact()[pri:0, instance:com.crm.comcast.contactTest.CreateContactAndDeleteTest@5ba3f27a]" name="deleteContact" class="com.crm.comcast.contactTest.CreateContactAndDeleteTest"/>
      </group> <!-- regressionTest -->
    </groups>
    <test started-at="2022-07-19T22:22:53 IST" name="Test" finished-at="2022-07-19T22:23:53 IST" duration-ms="60852">
      <class name="com.crm.comcast.contactTest.createContact">
        <test-method is-config="true" signature="configBS()[pri:0, instance:com.crm.comcast.contactTest.createContact@543588e6]" started-at="2022-07-19T22:22:53 IST" name="configBS" finished-at="2022-07-19T22:22:53 IST" duration-ms="9" status="PASS">
          <reporter-output>
          </reporter-output>
        </test-method> <!-- configBS -->
        <test-method is-config="true" signature="configAS()[pri:0, instance:com.crm.comcast.contactTest.createContact@543588e6]" started-at="2022-07-19T22:23:53 IST" name="configAS" finished-at="2022-07-19T22:23:53 IST" duration-ms="0" status="PASS">
          <reporter-output>
          </reporter-output>
        </test-method> <!-- configAS -->
      </class> <!-- com.crm.comcast.contactTest.createContact -->
      <class name="com.crm.comcast.campaignTest.CraeteCampaign">
        <test-method is-config="true" signature="configBC()[pri:0, instance:com.crm.comcast.campaignTest.CraeteCampaign@74751b3]" started-at="2022-07-19T22:23:33 IST" name="configBC" finished-at="2022-07-19T22:23:34 IST" duration-ms="1230" status="PASS">
          <reporter-output>
          </reporter-output>
        </test-method> <!-- configBC -->
        <test-method is-config="true" signature="configBM()[pri:0, instance:com.crm.comcast.campaignTest.CraeteCampaign@74751b3]" started-at="2022-07-19T22:23:34 IST" name="configBM" finished-at="2022-07-19T22:23:41 IST" duration-ms="7203" status="PASS">
          <reporter-output>
          </reporter-output>
        </test-method> <!-- configBM -->
        <test-method signature="CreateCampaigns()[pri:0, instance:com.crm.comcast.campaignTest.CraeteCampaign@74751b3]" started-at="2022-07-19T22:23:41 IST" name="CreateCampaigns" finished-at="2022-07-19T22:23:51 IST" duration-ms="10299" status="PASS">
          <reporter-output>
          </reporter-output>
        </test-method> <!-- CreateCampaigns -->
        <test-method is-config="true" signature="configAM()[pri:0, instance:com.crm.comcast.campaignTest.CraeteCampaign@74751b3]" started-at="2022-07-19T22:23:51 IST" name="configAM" finished-at="2022-07-19T22:23:53 IST" duration-ms="1769" status="PASS">
          <reporter-output>
          </reporter-output>
        </test-method> <!-- configAM -->
        <test-method is-config="true" signature="configAC()[pri:0, instance:com.crm.comcast.campaignTest.CraeteCampaign@74751b3]" started-at="2022-07-19T22:23:53 IST" name="configAC" finished-at="2022-07-19T22:23:53 IST" duration-ms="228" status="PASS">
          <reporter-output>
          </reporter-output>
        </test-method> <!-- configAC -->
      </class> <!-- com.crm.comcast.campaignTest.CraeteCampaign -->
      <class name="com.crm.comcast.contactTest.CreateContactAndDeleteTest">
        <test-method is-config="true" signature="configBC()[pri:0, instance:com.crm.comcast.contactTest.CreateContactAndDeleteTest@5ba3f27a]" started-at="2022-07-19T22:22:53 IST" name="configBC" finished-at="2022-07-19T22:22:55 IST" duration-ms="2138" status="PASS">
          <reporter-output>
          </reporter-output>
        </test-method> <!-- configBC -->
        <test-method is-config="true" signature="configBM()[pri:0, instance:com.crm.comcast.contactTest.CreateContactAndDeleteTest@5ba3f27a]" started-at="2022-07-19T22:22:55 IST" name="configBM" finished-at="2022-07-19T22:23:01 IST" duration-ms="6134" status="PASS">
          <reporter-output>
          </reporter-output>
        </test-method> <!-- configBM -->
        <test-method signature="deleteContact()[pri:0, instance:com.crm.comcast.contactTest.CreateContactAndDeleteTest@5ba3f27a]" started-at="2022-07-19T22:23:01 IST" name="deleteContact" finished-at="2022-07-19T22:23:16 IST" duration-ms="15488" status="FAIL">
          <exception class="java.lang.NoClassDefFoundError">
            <message>
              <![CDATA[org/openqa/selenium/internal/Require]]>
            </message>
            <full-stacktrace>
              <![CDATA[java.lang.NoClassDefFoundError: org/openqa/selenium/internal/Require
at org.openqa.selenium.support.ui.FluentWait.<init>(FluentWait.java:97)
at org.openqa.selenium.support.ui.WebDriverWait.<init>(WebDriverWait.java:77)
at org.openqa.selenium.support.ui.WebDriverWait.<init>(WebDriverWait.java:46)
at com.crm.comcast.genericutitlity.WebDriverUtility.waitForElement(WebDriverUtility.java:43)
at com.crm.comcast.contactTest.CreateContactAndDeleteTest.deleteContact(CreateContactAndDeleteTest.java:144)
at java.base/jdk.internal.reflect.NativeMethodAccessorImpl.invoke0(Native Method)
at java.base/jdk.internal.reflect.NativeMethodAccessorImpl.invoke(NativeMethodAccessorImpl.java:77)
at java.base/jdk.internal.reflect.DelegatingMethodAccessorImpl.invoke(DelegatingMethodAccessorImpl.java:43)
at java.base/java.lang.reflect.Method.invoke(Method.java:568)
at org.testng.internal.MethodInvocationHelper.invokeMethod(MethodInvocationHelper.java:133)
at org.testng.internal.TestInvoker.invokeMethod(TestInvoker.java:598)
at org.testng.internal.TestInvoker.invokeTestMethod(TestInvoker.java:173)
at org.testng.internal.MethodRunner.runInSequence(MethodRunner.java:46)
at org.testng.internal.TestInvoker$MethodInvocationAgent.invoke(TestInvoker.java:824)
at org.testng.internal.TestInvoker.invokeTestMethods(TestInvoker.java:146)
at org.testng.internal.TestMethodWorker.invokeTestMethods(TestMethodWorker.java:146)
at org.testng.internal.TestMethodWorker.run(TestMethodWorker.java:128)
at java.base/java.util.ArrayList.forEach(ArrayList.java:1511)
at org.testng.TestRunner.privateRun(TestRunner.java:794)
at org.testng.TestRunner.run(TestRunner.java:596)
at org.testng.SuiteRunner.runTest(SuiteRunner.java:377)
at org.testng.SuiteRunner.runSequentially(SuiteRunner.java:371)
at org.testng.SuiteRunner.privateRun(SuiteRunner.java:332)
at org.testng.SuiteRunner.run(SuiteRunner.java:276)
at org.testng.SuiteRunnerWorker.runSuite(SuiteRunnerWorker.java:53)
at org.testng.SuiteRunnerWorker.run(SuiteRunnerWorker.java:96)
at org.testng.TestNG.runSuitesSequentially(TestNG.java:1212)
at org.testng.TestNG.runSuitesLocally(TestNG.java:1134)
at org.testng.TestNG.runSuites(TestNG.java:1063)
at org.testng.TestNG.run(TestNG.java:1031)
at org.testng.remote.AbstractRemoteTestNG.run(AbstractRemoteTestNG.java:115)
at org.testng.remote.RemoteTestNG.initAndRun(RemoteTestNG.java:251)
at org.testng.remote.RemoteTestNG.main(RemoteTestNG.java:77)
Caused by: java.lang.ClassNotFoundException: org.openqa.selenium.internal.Require
at java.base/jdk.internal.loader.BuiltinClassLoader.loadClass(BuiltinClassLoader.java:641)
at java.base/jdk.internal.loader.ClassLoaders$AppClassLoader.loadClass(ClassLoaders.java:188)
at java.base/java.lang.ClassLoader.loadClass(ClassLoader.java:520)
... 33 more
]]>
            </full-stacktrace>
          </exception> <!-- java.lang.NoClassDefFoundError -->
          <reporter-output>
          </reporter-output>
        </test-method> <!-- deleteContact -->
        <test-method is-config="true" signature="configAM()[pri:0, instance:com.crm.comcast.contactTest.CreateContactAndDeleteTest@5ba3f27a]" started-at="2022-07-19T22:23:16 IST" name="configAM" finished-at="2022-07-19T22:23:19 IST" duration-ms="2240" status="PASS">
          <reporter-output>
          </reporter-output>
        </test-method> <!-- configAM -->
        <test-method is-config="true" signature="configAC()[pri:0, instance:com.crm.comcast.contactTest.CreateContactAndDeleteTest@5ba3f27a]" started-at="2022-07-19T22:23:19 IST" name="configAC" finished-at="2022-07-19T22:23:19 IST" duration-ms="280" status="PASS">
          <reporter-output>
          </reporter-output>
        </test-method> <!-- configAC -->
      </class> <!-- com.crm.comcast.contactTest.CreateContactAndDeleteTest -->
      <class name="com.crm.comcast.campaignTest.CreateCampiagnWithProductPomClassTest">
        <test-method is-config="true" signature="configBC()[pri:0, instance:com.crm.comcast.campaignTest.CreateCampiagnWithProductPomClassTest@58d75e99]" started-at="2022-07-19T22:23:19 IST" name="configBC" finished-at="2022-07-19T22:23:20 IST" duration-ms="1207" status="PASS">
          <reporter-output>
          </reporter-output>
        </test-method> <!-- configBC -->
        <test-method is-config="true" signature="configBM()[pri:0, instance:com.crm.comcast.campaignTest.CreateCampiagnWithProductPomClassTest@58d75e99]" started-at="2022-07-19T22:23:20 IST" name="configBM" finished-at="2022-07-19T22:23:27 IST" duration-ms="6409" status="PASS">
          <reporter-output>
          </reporter-output>
        </test-method> <!-- configBM -->
        <test-method signature="CreateCampaignwithProduct()[pri:0, instance:com.crm.comcast.campaignTest.CreateCampiagnWithProductPomClassTest@58d75e99]" started-at="2022-07-19T22:23:27 IST" name="CreateCampaignwithProduct" finished-at="2022-07-19T22:23:27 IST" duration-ms="204" status="FAIL">
          <exception class="org.openqa.selenium.NoSuchElementException">
            <message>
              <![CDATA[no such element: Unable to locate element: {"method":"xpath","selector":"//img[@src="themes/softed/images/select.gif"]"}
  (Session info: chrome=103.0.5060.114)
For documentation on this error, please visit: https://www.seleniumhq.org/exceptions/no_such_element.html
Build info: version: '3.141.59', revision: 'e82be7d358', time: '2018-11-14T08:17:03'
System info: host: 'DESKTOP-HMSSTKG', ip: '192.168.10.1', os.name: 'Windows 11', os.arch: 'amd64', os.version: '10.0', java.version: '17.0.2'
Driver info: org.openqa.selenium.chrome.ChromeDriver
Capabilities {acceptInsecureCerts: false, browserName: chrome, browserVersion: 103.0.5060.114, chrome: {chromedriverVersion: 103.0.5060.53 (a1711811edd7..., userDataDir: C:\Users\asus\AppData\Local...}, goog:chromeOptions: {debuggerAddress: localhost:53595}, javascriptEnabled: true, networkConnectionEnabled: false, pageLoadStrategy: normal, platform: WINDOWS, platformName: WINDOWS, proxy: Proxy(), setWindowRect: true, strictFileInteractability: false, timeouts: {implicit: 0, pageLoad: 300000, script: 30000}, unhandledPromptBehavior: dismiss and notify, webauthn:extension:credBlob: true, webauthn:extension:largeBlob: true, webauthn:virtualAuthenticators: true}
Session ID: 136ba6045584538cea0e7874e971fdac
*** Element info: {Using=xpath, value=//img[@src="themes/softed/images/select.gif"]}]]>
            </message>
            <full-stacktrace>
              <![CDATA[org.openqa.selenium.NoSuchElementException: no such element: Unable to locate element: {"method":"xpath","selector":"//img[@src="themes/softed/images/select.gif"]"}
  (Session info: chrome=103.0.5060.114)
For documentation on this error, please visit: https://www.seleniumhq.org/exceptions/no_such_element.html
Build info: version: '3.141.59', revision: 'e82be7d358', time: '2018-11-14T08:17:03'
System info: host: 'DESKTOP-HMSSTKG', ip: '192.168.10.1', os.name: 'Windows 11', os.arch: 'amd64', os.version: '10.0', java.version: '17.0.2'
Driver info: org.openqa.selenium.chrome.ChromeDriver
Capabilities {acceptInsecureCerts: false, browserName: chrome, browserVersion: 103.0.5060.114, chrome: {chromedriverVersion: 103.0.5060.53 (a1711811edd7..., userDataDir: C:\Users\asus\AppData\Local...}, goog:chromeOptions: {debuggerAddress: localhost:53595}, javascriptEnabled: true, networkConnectionEnabled: false, pageLoadStrategy: normal, platform: WINDOWS, platformName: WINDOWS, proxy: Proxy(), setWindowRect: true, strictFileInteractability: false, timeouts: {implicit: 0, pageLoad: 300000, script: 30000}, unhandledPromptBehavior: dismiss and notify, webauthn:extension:credBlob: true, webauthn:extension:largeBlob: true, webauthn:virtualAuthenticators: true}
Session ID: 136ba6045584538cea0e7874e971fdac
*** Element info: {Using=xpath, value=//img[@src="themes/softed/images/select.gif"]}
at java.base/jdk.internal.reflect.NativeConstructorAccessorImpl.newInstance0(Native Method)
at java.base/jdk.internal.reflect.NativeConstructorAccessorImpl.newInstance(NativeConstructorAccessorImpl.java:77)
at java.base/jdk.internal.reflect.DelegatingConstructorAccessorImpl.newInstance(DelegatingConstructorAccessorImpl.java:45)
at java.base/java.lang.reflect.Constructor.newInstanceWithCaller(Constructor.java:499)
at java.base/java.lang.reflect.Constructor.newInstance(Constructor.java:480)
at org.openqa.selenium.remote.http.W3CHttpResponseCodec.createException(W3CHttpResponseCodec.java:187)
at org.openqa.selenium.remote.http.W3CHttpResponseCodec.decode(W3CHttpResponseCodec.java:122)
at org.openqa.selenium.remote.http.W3CHttpResponseCodec.decode(W3CHttpResponseCodec.java:49)
at org.openqa.selenium.remote.HttpCommandExecutor.execute(HttpCommandExecutor.java:158)
at org.openqa.selenium.remote.service.DriverCommandExecutor.execute(DriverCommandExecutor.java:83)
at org.openqa.selenium.remote.RemoteWebDriver.execute(RemoteWebDriver.java:552)
at org.openqa.selenium.remote.RemoteWebDriver.findElement(RemoteWebDriver.java:323)
at org.openqa.selenium.remote.RemoteWebDriver.findElementByXPath(RemoteWebDriver.java:428)
at org.openqa.selenium.By$ByXPath.findElement(By.java:353)
at org.openqa.selenium.remote.RemoteWebDriver.findElement(RemoteWebDriver.java:315)
at org.openqa.selenium.support.pagefactory.DefaultElementLocator.findElement(DefaultElementLocator.java:70)
at org.openqa.selenium.support.pagefactory.internal.LocatingElementHandler.invoke(LocatingElementHandler.java:39)
at jdk.proxy2/jdk.proxy2.$Proxy17.click(Unknown Source)
at com.crm.comcast.campaignTest.CreateCampiagnWithProductPomClassTest.CreateCampaignwithProduct(CreateCampiagnWithProductPomClassTest.java:116)
at java.base/jdk.internal.reflect.NativeMethodAccessorImpl.invoke0(Native Method)
at java.base/jdk.internal.reflect.NativeMethodAccessorImpl.invoke(NativeMethodAccessorImpl.java:77)
at java.base/jdk.internal.reflect.DelegatingMethodAccessorImpl.invoke(DelegatingMethodAccessorImpl.java:43)
at java.base/java.lang.reflect.Method.invoke(Method.java:568)
at org.testng.internal.MethodInvocationHelper.invokeMethod(MethodInvocationHelper.java:133)
at org.testng.internal.TestInvoker.invokeMethod(TestInvoker.java:598)
at org.testng.internal.TestInvoker.invokeTestMethod(TestInvoker.java:173)
at org.testng.internal.MethodRunner.runInSequence(MethodRunner.java:46)
at org.testng.internal.TestInvoker$MethodInvocationAgent.invoke(TestInvoker.java:824)
at org.testng.internal.TestInvoker.invokeTestMethods(TestInvoker.java:146)
at org.testng.internal.TestMethodWorker.invokeTestMethods(TestMethodWorker.java:146)
at org.testng.internal.TestMethodWorker.run(TestMethodWorker.java:128)
at java.base/java.util.ArrayList.forEach(ArrayList.java:1511)
at org.testng.TestRunner.privateRun(TestRunner.java:794)
at org.testng.TestRunner.run(TestRunner.java:596)
at org.testng.SuiteRunner.runTest(SuiteRunner.java:377)
at org.testng.SuiteRunner.runSequentially(SuiteRunner.java:371)
at org.testng.SuiteRunner.privateRun(SuiteRunner.java:332)
at org.testng.SuiteRunner.run(SuiteRunner.java:276)
at org.testng.SuiteRunnerWorker.runSuite(SuiteRunnerWorker.java:53)
at org.testng.SuiteRunnerWorker.run(SuiteRunnerWorker.java:96)
at org.testng.TestNG.runSuitesSequentially(TestNG.java:1212)
at org.testng.TestNG.runSuitesLocally(TestNG.java:1134)
at org.testng.TestNG.runSuites(TestNG.java:1063)
at org.testng.TestNG.run(TestNG.java:1031)
at org.testng.remote.AbstractRemoteTestNG.run(AbstractRemoteTestNG.java:115)
at org.testng.remote.RemoteTestNG.initAndRun(RemoteTestNG.java:251)
at org.testng.remote.RemoteTestNG.main(RemoteTestNG.java:77)
]]>
            </full-stacktrace>
          </exception> <!-- org.openqa.selenium.NoSuchElementException -->
          <reporter-output>
          </reporter-output>
        </test-method> <!-- CreateCampaignwithProduct -->
        <test-method is-config="true" signature="configAM()[pri:0, instance:com.crm.comcast.campaignTest.CreateCampiagnWithProductPomClassTest@58d75e99]" started-at="2022-07-19T22:23:27 IST" name="configAM" finished-at="2022-07-19T22:23:32 IST" duration-ms="5700" status="PASS">
          <reporter-output>
          </reporter-output>
        </test-method> <!-- configAM -->
        <test-method is-config="true" signature="configAC()[pri:0, instance:com.crm.comcast.campaignTest.CreateCampiagnWithProductPomClassTest@58d75e99]" started-at="2022-07-19T22:23:32 IST" name="configAC" finished-at="2022-07-19T22:23:33 IST" duration-ms="253" status="PASS">
          <reporter-output>
          </reporter-output>
        </test-method> <!-- configAC -->
      </class> <!-- com.crm.comcast.campaignTest.CreateCampiagnWithProductPomClassTest -->
    </test> <!-- Test -->
  </suite> <!-- Suite -->
</testng-results>
